[2026-04-21T07:51:25.213Z] ℹ️  🧩 [INFO] [Plugin] bridge entry initializing logFile=D:\Cogito\logs\bridge.log pid=43964 instance=43964-p29po7ot
[2026-04-21T07:51:29.385Z] ℹ️  📁 [INFO] [FileStore] using default store dir: D:\Cogito\bridge_files
[2026-04-21T07:51:29.407Z] ℹ️  🧩 [INFO] [Plugin] started adapter=lark-bridge
[2026-04-21T07:51:29.408Z] ℹ️  🎧 [INFO] [Listener] starting global event subscription (MUX)
[2026-04-21T07:51:29.410Z] ℹ️  🧩 [INFO] [Plugin] BridgePlugin ready
[2026-04-21T07:51:29.411Z] ℹ️  🎧 [INFO] [Listener] connected to OpenCode event stream
[2026-04-21T07:51:29.413Z] ℹ️  🎧 [INFO] [Listener] connected to OpenCode global event stream
[2026-04-21T07:51:29.531Z] ℹ️  🔹 [INFO] ✅ Feishu Webhook Server listening on port 3000
[2026-04-21T07:51:29.532Z] ℹ️  🪶 [INFO] [Feishu] Callback URL: http://127.0.0.1:3000
[2026-04-21T08:29:43.048Z] ℹ️  🧩 [INFO] [Plugin] bridge entry initializing logFile=D:\Cogito\logs\bridge.log pid=163444 instance=163444-udh48b9i
[2026-04-21T08:29:46.921Z] ℹ️  📁 [INFO] [FileStore] using default store dir: D:\Cogito\bridge_files
[2026-04-21T08:29:46.985Z] ℹ️  🧩 [INFO] [Plugin] started adapter=lark-bridge
[2026-04-21T08:29:46.986Z] ℹ️  🎧 [INFO] [Listener] starting global event subscription (MUX)
[2026-04-21T08:29:46.988Z] ℹ️  🧩 [INFO] [Plugin] BridgePlugin ready
[2026-04-21T08:29:46.990Z] ℹ️  🎧 [INFO] [Listener] connected to OpenCode event stream
[2026-04-21T08:29:46.991Z] ℹ️  🎧 [INFO] [Listener] connected to OpenCode global event stream
[2026-04-21T08:29:47.129Z] ℹ️  🔹 [INFO] ✅ Feishu Webhook Server listening on port 3000
[2026-04-21T08:29:47.131Z] ℹ️  🪶 [INFO] [Feishu] Callback URL: http://127.0.0.1:3000
[2026-04-21T08:49:29.421Z] ℹ️  🧩 [INFO] [Plugin] bridge entry initializing logFile=D:\Cogito\logs\bridge.log pid=113012 instance=113012-lqvzr9nq
[2026-04-21T08:49:32.964Z] ℹ️  📁 [INFO] [FileStore] using default store dir: D:\Cogito\bridge_files
[2026-04-21T08:49:32.984Z] ℹ️  🧩 [INFO] [Plugin] started adapter=lark-bridge
[2026-04-21T08:49:32.985Z] ℹ️  🎧 [INFO] [Listener] starting global event subscription (MUX)
[2026-04-21T08:49:32.987Z] ℹ️  🧩 [INFO] [Plugin] BridgePlugin ready
[2026-04-21T08:49:32.988Z] ℹ️  🎧 [INFO] [Listener] connected to OpenCode event stream
[2026-04-21T08:49:32.989Z] ℹ️  🎧 [INFO] [Listener] connected to OpenCode global event stream
[2026-04-21T08:49:33.157Z] ℹ️  🔹 [INFO] ✅ Feishu Webhook Server listening on port 3000
[2026-04-21T08:49:33.157Z] ℹ️  🪶 [INFO] [Feishu] Callback URL: http://127.0.0.1:3000
[2026-04-21T08:55:32.724Z] ℹ️  🧩 [INFO] [Plugin] bridge entry initializing logFile=D:\Cogito\logs\bridge.log pid=32620 instance=32620-wr8x695h
[2026-04-21T08:55:35.918Z] ℹ️  📁 [INFO] [FileStore] using default store dir: D:\Cogito\bridge_files
[2026-04-21T08:55:35.931Z] ℹ️  🧩 [INFO] [Plugin] started adapter=lark-bridge
[2026-04-21T08:55:35.936Z] ℹ️  🎧 [INFO] [Listener] starting global event subscription (MUX)
[2026-04-21T08:55:35.938Z] ℹ️  🧩 [INFO] [Plugin] BridgePlugin ready
[2026-04-21T08:55:35.939Z] ℹ️  🎧 [INFO] [Listener] connected to OpenCode event stream
[2026-04-21T08:55:35.940Z] ℹ️  🎧 [INFO] [Listener] connected to OpenCode global event stream
[2026-04-21T08:55:35.995Z] ℹ️  🔹 [INFO] ✅ Feishu Webhook Server listening on port 3000
[2026-04-21T08:55:35.996Z] ℹ️  🪶 [INFO] [Feishu] Callback URL: http://127.0.0.1:3000
[2026-04-21T10:12:59.965Z] ℹ️  🧩 [INFO] [Plugin] bridge entry initializing logFile=D:\Cogito\logs\bridge.log pid=6288 instance=6288-7etgvo6g
[2026-04-21T10:13:03.377Z] ℹ️  📁 [INFO] [FileStore] using default store dir: D:\Cogito\bridge_files
[2026-04-21T10:13:03.392Z] ℹ️  🧩 [INFO] [Plugin] started adapter=lark-bridge
[2026-04-21T10:13:03.393Z] ℹ️  🎧 [INFO] [Listener] starting global event subscription (MUX)
[2026-04-21T10:13:03.395Z] ℹ️  🧩 [INFO] [Plugin] BridgePlugin ready
[2026-04-21T10:13:03.395Z] ℹ️  🎧 [INFO] [Listener] connected to OpenCode event stream
[2026-04-21T10:13:03.397Z] ℹ️  🎧 [INFO] [Listener] connected to OpenCode global event stream
[2026-04-21T11:02:08.983Z] ℹ️  🧩 [INFO] [Plugin] bridge entry initializing logFile=D:\Cogito\logs\bridge.log pid=167524 instance=167524-3rkv7cpl
[2026-04-21T11:02:12.439Z] ℹ️  📁 [INFO] [FileStore] using default store dir: D:\Cogito\bridge_files
[2026-04-21T11:02:12.451Z] ℹ️  🧩 [INFO] [Plugin] started adapter=lark-bridge
[2026-04-21T11:02:12.452Z] ℹ️  🎧 [INFO] [Listener] starting global event subscription (MUX)
[2026-04-21T11:02:12.455Z] ℹ️  🧩 [INFO] [Plugin] BridgePlugin ready
[2026-04-21T11:02:12.456Z] ℹ️  🎧 [INFO] [Listener] connected to OpenCode event stream
[2026-04-21T11:02:12.457Z] ℹ️  🎧 [INFO] [Listener] connected to OpenCode global event stream
